SF:lib\common\customcolors.dart
DA:5,0
DA:6,0
DA:7,0
DA:8,0
DA:9,0
LF:5
LH:0
end_of_record
SF:lib\common\customicon.dart
DA:4,0
DA:5,0
DA:6,0
DA:7,0
LF:4
LH:0
end_of_record
SF:lib\common\socialicon.dart
DA:6,1
DA:8,1
DA:10,1
DA:11,1
DA:12,1
DA:15,1
DA:16,0
DA:17,1
DA:18,2
LF:9
LH:8
end_of_record
SF:lib\common\styles.dart
DA:5,1
DA:6,4
LF:2
LH:2
end_of_record
SF:lib\pages\authenticationpage.dart
DA:43,1
DA:44,1
DA:63,1
DA:65,1
DA:66,2
DA:67,2
DA:70,1
DA:72,2
DA:73,2
DA:74,1
DA:77,0
DA:78,0
DA:79,0
DA:80,0
DA:81,0
DA:82,0
DA:84,0
DA:85,0
DA:88,0
DA:89,0
DA:90,0
DA:91,0
DA:92,0
DA:93,0
DA:94,0
DA:96,0
DA:98,0
DA:101,0
DA:108,0
DA:109,0
DA:113,0
DA:114,0
DA:116,0
DA:117,0
DA:118,0
DA:122,0
DA:124,0
DA:126,0
DA:127,0
DA:129,0
DA:132,0
DA:134,0
DA:135,0
DA:140,0
DA:141,0
DA:142,0
DA:145,0
DA:146,0
DA:149,0
DA:150,0
DA:151,0
DA:152,0
DA:153,0
DA:154,0
DA:156,0
DA:157,0
DA:158,0
DA:159,0
DA:160,0
DA:163,0
DA:167,0
DA:169,0
DA:175,0
DA:176,0
DA:180,0
DA:182,0
DA:184,0
DA:186,0
DA:187,0
DA:188,0
DA:190,0
DA:193,0
DA:194,0
DA:198,0
DA:200,0
DA:201,0
DA:202,0
DA:206,1
DA:208,1
DA:210,1
DA:213,1
DA:221,1
DA:222,1
DA:225,1
DA:227,1
DA:229,1
DA:230,2
DA:234,1
DA:236,1
DA:238,1
DA:240,1
DA:242,1
DA:243,2
DA:247,1
DA:248,1
DA:249,1
DA:250,1
DA:251,1
DA:252,1
DA:254,0
DA:255,0
DA:257,1
DA:259,1
DA:260,1
DA:261,1
DA:262,1
DA:263,1
DA:264,1
DA:271,1
DA:272,1
DA:273,1
DA:275,1
DA:277,1
DA:282,1
DA:283,1
DA:284,1
DA:286,1
DA:288,0
DA:291,2
DA:292,1
DA:293,1
DA:296,1
DA:299,1
DA:300,1
DA:301,1
DA:302,1
DA:304,4
DA:309,1
DA:310,1
DA:311,1
DA:312,1
DA:313,1
DA:314,1
DA:316,0
DA:317,0
DA:319,1
DA:321,1
DA:322,1
DA:323,1
DA:324,1
DA:325,1
DA:326,1
DA:333,1
DA:334,1
DA:335,1
DA:336,1
DA:337,1
DA:338,1
DA:340,0
DA:341,0
DA:343,1
DA:345,1
DA:346,1
DA:347,1
DA:348,1
DA:349,1
DA:350,1
DA:357,1
DA:359,1
DA:360,1
DA:361,1
DA:363,1
DA:364,1
LF:163
LH:89
end_of_record
